<?xml version="1.0" encoding="UTF-8"?>
<!-- Generated by org.testng.reporters.JUnitXMLReporter -->
<testsuite ignored="0" hostname="karnans-MacBook-Air.local" failures="0" tests="3" name="Default test" time="48.109" errors="0" timestamp="2024-12-28T10:23:23 IST">
  <testcase classname="testcases.TC_002_LoginPage" name="Login" time="22.954"/>
  <testcase classname="testcases.TC_002_LoginPage" name="ProdusctOrdered" time="23.341"/>
  <testcase classname="testcases.TC_002_LoginPage" name="Logout" time="1.705"/>
</testsuite> <!-- Default test -->
