<?xml version="1.0" encoding="UTF-8"?>
<testng-results ignored="0" total="3" passed="3" failed="0" skipped="0">
  <reporter-output>
  </reporter-output>
  <suite started-at="2024-12-28T10:22:35 IST" name="Default suite" finished-at="2024-12-28T10:23:23 IST" duration-ms="48109">
    <groups>
    </groups>
    <test started-at="2024-12-28T10:22:35 IST" name="Default test" finished-at="2024-12-28T10:23:23 IST" duration-ms="48109">
      <class name="testcases.TC_002_LoginPage">
        <test-method signature="Login()[pri:1, instance:testcases.TC_002_LoginPage@51e69659]" started-at="2024-12-28T10:22:35 IST" name="Login" finished-at="2024-12-28T10:22:58 IST" duration-ms="22954" status="PASS">
          <reporter-output>
          </reporter-output>
        </test-method> <!-- Login -->
        <test-method signature="ProdusctOrdered()[pri:2, instance:testcases.TC_002_LoginPage@51e69659]" started-at="2024-12-28T10:22:58 IST" name="ProdusctOrdered" finished-at="2024-12-28T10:23:21 IST" duration-ms="23341" status="PASS">
          <reporter-output>
          </reporter-output>
        </test-method> <!-- ProdusctOrdered -->
        <test-method signature="Logout()[pri:3, instance:testcases.TC_002_LoginPage@51e69659]" started-at="2024-12-28T10:23:21 IST" name="Logout" finished-at="2024-12-28T10:23:23 IST" duration-ms="1705" status="PASS">
          <reporter-output>
          </reporter-output>
        </test-method> <!-- Logout -->
      </class> <!-- testcases.TC_002_LoginPage -->
    </test> <!-- Default test -->
  </suite> <!-- Default suite -->
</testng-results>
