<?xml version="1.0" encoding="UTF-8"?>
<testng-results ignored="0" total="5" passed="5" failed="0" skipped="0">
  <reporter-output>
  </reporter-output>
  <suite started-at="2024-12-30T16:59:27 IST" name="Default suite" finished-at="2024-12-30T17:00:25 IST" duration-ms="57388">
    <groups>
    </groups>
    <test started-at="2024-12-30T16:59:27 IST" name="Default test" finished-at="2024-12-30T17:00:25 IST" duration-ms="57388">
      <class name="testcases.contactSmoke">
        <test-method signature="contactSignUp()[pri:1, instance:testcases.contactSmoke@201a4587]" started-at="2024-12-30T16:59:27 IST" name="contactSignUp" finished-at="2024-12-30T16:59:41 IST" duration-ms="13535" status="PASS">
          <reporter-output>
          </reporter-output>
        </test-method> <!-- contactSignUp -->
        <test-method signature="contactAdd()[pri:2, instance:testcases.contactSmoke@201a4587]" started-at="2024-12-30T16:59:41 IST" name="contactAdd" finished-at="2024-12-30T17:00:09 IST" duration-ms="28324" status="PASS">
          <reporter-output>
          </reporter-output>
        </test-method> <!-- contactAdd -->
        <test-method signature="contactEdit()[pri:3, instance:testcases.contactSmoke@201a4587]" started-at="2024-12-30T17:00:09 IST" name="contactEdit" finished-at="2024-12-30T17:00:16 IST" duration-ms="6708" status="PASS">
          <reporter-output>
          </reporter-output>
        </test-method> <!-- contactEdit -->
        <test-method signature="contactDelete()[pri:4, instance:testcases.contactSmoke@201a4587]" started-at="2024-12-30T17:00:16 IST" name="contactDelete" finished-at="2024-12-30T17:00:20 IST" duration-ms="4008" status="PASS">
          <reporter-output>
          </reporter-output>
        </test-method> <!-- contactDelete -->
        <test-method signature="contactLogout()[pri:5, instance:testcases.contactSmoke@201a4587]" started-at="2024-12-30T17:00:20 IST" name="contactLogout" finished-at="2024-12-30T17:00:25 IST" duration-ms="4723" status="PASS">
          <reporter-output>
          </reporter-output>
        </test-method> <!-- contactLogout -->
      </class> <!-- testcases.contactSmoke -->
    </test> <!-- Default test -->
  </suite> <!-- Default suite -->
</testng-results>
